<?xml version="1.0" encoding="UTF-8"?>
<coverage generated="1651756446008" clover="3.2.0">
  <project timestamp="1651756446008" name="All files">
    <metrics statements="23" coveredstatements="16" conditionals="0" coveredconditionals="0" methods="10" coveredmethods="5" elements="33" coveredelements="21" complexity="0" loc="23" ncloc="23" packages="1" files="2" classes="2"/>
    <file name="dom_functions.js" path="C:\Users\MiraComputers\Desktop\to-do-list\src\modules\dom_functions.js">
      <metrics statements="7" coveredstatements="5" conditionals="0" coveredconditionals="0" methods="3" coveredmethods="2"/>
      <line num="1" count="1" type="stmt"/>
      <line num="2" count="3" type="stmt"/>
      <line num="12" count="1" type="stmt"/>
      <line num="13" count="1" type="stmt"/>
      <line num="16" count="1" type="stmt"/>
      <line num="17" count="0" type="stmt"/>
      <line num="18" count="0" type="stmt"/>
    </file>
    <file name="list_functions.js" path="C:\Users\MiraComputers\Desktop\to-do-list\src\modules\list_functions.js">
      <metrics statements="16" coveredstatements="11" conditionals="0" coveredconditionals="0" methods="7" coveredmethods="3"/>
      <line num="1" count="1" type="stmt"/>
      <line num="2" count="4" type="stmt"/>
      <line num="3" count="4" type="stmt"/>
      <line num="8" count="4" type="stmt"/>
      <line num="11" count="1" type="stmt"/>
      <line num="12" count="0" type="stmt"/>
      <line num="15" count="1" type="stmt"/>
      <line num="16" count="1" type="stmt"/>
      <line num="17" count="1" type="stmt"/>
      <line num="18" count="1" type="stmt"/>
      <line num="20" count="1" type="stmt"/>
      <line num="22" count="1" type="stmt"/>
      <line num="23" count="0" type="stmt"/>
      <line num="24" count="0" type="stmt"/>
      <line num="25" count="0" type="stmt"/>
      <line num="27" count="0" type="stmt"/>
    </file>
  </project>
</coverage>
